<?xml version="1.0" encoding="UTF-8"?>
<!-- Generated by org.testng.reporters.JUnitReportReporter -->
<testsuite hostname="NOI-PG02ZDTF" failures="0" tests="2" name="RevisePro.RevisionProject.MakeAppointment" time="12.984" errors="0" timestamp="2025-01-01T21:53:35 IST" skipped="0">
  <testcase classname="RevisePro.RevisionProject.MakeAppointment" name="testAppoint" time="7.338"/>
  <system-out>
    <![CDATA[TestCase is passed]]>
  </system-out>
  <testcase classname="RevisePro.RevisionProject.MakeAppointment" name="testAppoint" time="5.646"/>
  <system-out>
    <![CDATA[TestCase is passed]]>
  </system-out>
</testsuite> <!-- RevisePro.RevisionProject.MakeAppointment -->
