<?xml version="1.0" encoding="UTF-8"?>
<!-- Generated by org.testng.reporters.JUnitReportReporter -->
<testsuite hostname="NOI-PG02ZDTF" failures="0" tests="2" name="RevisePro.RevisionProject.Login" time="11.900" errors="0" timestamp="2025-01-01T21:53:35 IST" skipped="0">
  <testcase classname="RevisePro.RevisionProject.Login" name="testLogin" time="7.366"/>
  <system-out>
    <![CDATA[TestCase is passed]]>
  </system-out>
  <testcase classname="RevisePro.RevisionProject.Login" name="testLogin" time="4.534"/>
  <system-out>
    <![CDATA[TestCase is passed]]>
  </system-out>
</testsuite> <!-- RevisePro.RevisionProject.Login -->
