<?xml version="1.0" encoding="UTF-8"?>
<!-- Generated by org.testng.reporters.JUnitReportReporter -->
<testsuite hostname="NOI-PG02ZDTF" failures="0" tests="2" name="RevisePro.RevisionProject.MakeAppointment" time="16.753" errors="0" timestamp="2025-01-02T10:43:16 IST" skipped="0">
  <testcase classname="RevisePro.RevisionProject.MakeAppointment" name="testAppoint" time="9.392">
    <system-out>
      <![CDATA[TestCase is passed]]>
    </system-out>
  </testcase> <!-- testAppoint -->
  <testcase classname="RevisePro.RevisionProject.MakeAppointment" name="testAppoint" time="7.361">
    <system-out>
      <![CDATA[TestCase is passed]]>
    </system-out>
  </testcase> <!-- testAppoint -->
  <system-out>
    <![CDATA[TestCase is passed
TestCase is passed
TestCase is passed
TestCase is passed]]>
  </system-out>
</testsuite> <!-- RevisePro.RevisionProject.MakeAppointment -->
