<?xml version="1.0" encoding="UTF-8"?>
<!-- Generated by org.testng.reporters.JUnitReportReporter -->
<testsuite hostname="NOI-PG02ZDTF" failures="0" tests="2" name="RevisePro.RevisionProject.Login" time="18.815" errors="0" timestamp="2025-01-02T10:43:16 IST" skipped="0">
  <testcase classname="RevisePro.RevisionProject.Login" name="testLogin" time="11.146">
    <system-out>
      <![CDATA[TestCase is passed]]>
    </system-out>
  </testcase> <!-- testLogin -->
  <testcase classname="RevisePro.RevisionProject.Login" name="testLogin" time="7.669">
    <system-out>
      <![CDATA[TestCase is passed]]>
    </system-out>
  </testcase> <!-- testLogin -->
  <system-out>
    <![CDATA[TestCase is passed
TestCase is passed
TestCase is passed
TestCase is passed]]>
  </system-out>
</testsuite> <!-- RevisePro.RevisionProject.Login -->
